<?xml version="1.0" encoding="UTF-8"?>
<coverage generated="1708989773250" clover="3.2.0">
  <project timestamp="1708989773250" name="All files">
    <metrics statements="13" coveredstatements="13" conditionals="4" coveredconditionals="3" methods="1" coveredmethods="1" elements="18" coveredelements="17" complexity="0" loc="13" ncloc="13" packages="1" files="2" classes="2"/>
    <file name="factory.js" path="/Users/ananeri/Development/demo-upload-s3-example/src/factory.js">
      <metrics statements="8" coveredstatements="8" conditionals="4" coveredconditionals="3" methods="0" coveredmethods="0"/>
      <line num="1" count="1" type="stmt"/>
      <line num="2" count="1" type="stmt"/>
      <line num="5" count="1" type="stmt"/>
      <line num="8" count="1" type="cond" truecount="1" falsecount="1"/>
      <line num="10" count="1" type="cond" truecount="2" falsecount="0"/>
      <line num="11" count="1" type="stmt"/>
      <line num="16" count="1" type="stmt"/>
      <line num="18" count="1" type="stmt"/>
    </file>
    <file name="index.js" path="/Users/ananeri/Development/demo-upload-s3-example/src/index.js">
      <metrics statements="5" coveredstatements="5" conditionals="0" coveredconditionals="0" methods="1" coveredmethods="1"/>
      <line num="3" count="1" type="stmt"/>
      <line num="5" count="1" type="stmt"/>
      <line num="6" count="1" type="stmt"/>
      <line num="7" count="1" type="stmt"/>
      <line num="9" count="1" type="stmt"/>
    </file>
  </project>
</coverage>
