{"/Users/ananeri/Development/demo-upload-s3-example/src/factory.js": {"path":"/Users/ananeri/Development/demo-upload-s3-example/src/factory.js","statementMap":{"0":{"start":{"line":1,"column":12},"end":{"line":1,"column":30}},"1":{"start":{"line":2,"column":17},"end":{"line":4,"column":1}},"2":{"start":{"line":5,"column":16},"end":{"line":5,"column":38}},"3":{"start":{"line":8,"column":0},"end":{"line":14,"column":1}},"4":{"start":{"line":10,"column":15},"end":{"line":10,"column":57}},"5":{"start":{"line":11,"column":2},"end":{"line":13,"column":3}},"6":{"start":{"line":16,"column":11},"end":{"line":16,"column":31}},"7":{"start":{"line":18,"column":0},"end":{"line":20,"column":1}}},"fnMap":{},"branchMap":{"0":{"loc":{"start":{"line":8,"column":0},"end":{"line":14,"column":1}},"type":"if","locations":[{"start":{"line":8,"column":0},"end":{"line":14,"column":1}},{"start":{},"end":{}}],"line":8},"1":{"loc":{"start":{"line":10,"column":15},"end":{"line":10,"column":57}},"type":"binary-expr","locations":[{"start":{"line":10,"column":15},"end":{"line":10,"column":42}},{"start":{"line":10,"column":46},"end":{"line":10,"column":57}}],"line":10}},"s":{"0":1,"1":1,"2":1,"3":1,"4":1,"5":1,"6":1,"7":1},"f":{},"b":{"0":[1,0],"1":[1,1]},"_coverageSchema":"1a1c01bbd47fc00a2c39e90264f33305004495a9","hash":"bb455f127fa70fd4530a6999e50e34f5e30ef9da"}
,"/Users/ananeri/Development/demo-upload-s3-example/src/index.js": {"path":"/Users/ananeri/Development/demo-upload-s3-example/src/index.js","statementMap":{"0":{"start":{"line":3,"column":15},"end":{"line":3,"column":35}},"1":{"start":{"line":5,"column":0},"end":{"line":19,"column":4}},"2":{"start":{"line":6,"column":23},"end":{"line":6,"column":55}},"3":{"start":{"line":7,"column":4},"end":{"line":7,"column":36}},"4":{"start":{"line":9,"column":4},"end":{"line":18,"column":6}}},"fnMap":{"0":{"name":"(anonymous_0)","decl":{"start":{"line":5,"column":22},"end":{"line":5,"column":23}},"loc":{"start":{"line":5,"column":39},"end":{"line":19,"column":3}},"line":5}},"branchMap":{},"s":{"0":1,"1":1,"2":1,"3":1,"4":1},"f":{"0":1},"b":{},"_coverageSchema":"1a1c01bbd47fc00a2c39e90264f33305004495a9","hash":"6e3b824ef4c799aeb1eadd9690e178e683cde366"}
}
